<?xml version="1.0" encoding="UTF-8"?>
<!-- Generated by org.testng.reporters.JUnitReportReporter -->
<testsuite hostname="LAPTOP-R07U5B31" failures="0" tests="1" name="com.qalegendbilling.testScripts.UserTest" time="36.590" errors="0" timestamp="2023-06-27T12:04:52 GST" skipped="0">
  <testcase classname="com.qalegendbilling.testScripts.UserTest" name="TC_001_verifyWhetherUserCanDeleteTheUSer" time="36.590"/>
  <system-out/>
</testsuite> <!-- com.qalegendbilling.testScripts.UserTest -->
