<?xml version="1.0" encoding="UTF-8"?>
<!-- Generated by org.testng.reporters.JUnitReportReporter -->
<testsuite hostname="LAPTOP-R07U5B31" failures="0" tests="1" name="com.qalegendbilling.testScripts.AddUserTest" time="29.984" errors="0" timestamp="2023-06-24T04:48:19 GST" skipped="0">
  <testcase classname="com.qalegendbilling.testScripts.AddUserTest" name="TC_002_verifyInvalidUserSearch" time="29.984"/>
  <system-out/>
</testsuite> <!-- com.qalegendbilling.testScripts.AddUserTest -->
