<?xml version="1.0" encoding="UTF-8"?>
<!-- Generated by org.testng.reporters.JUnitReportReporter -->
<testsuite hostname="LAPTOP-R07U5B31" failures="0" tests="2" name="com.qalegendbilling.testScripts.AddUserTest" time="56.429" errors="0" timestamp="2023-06-27T12:04:52 GST" skipped="0">
  <testcase classname="com.qalegendbilling.testScripts.AddUserTest" name="TC_002_verifyInvalidUserSearch" time="25.425"/>
  <system-out/>
  <testcase classname="com.qalegendbilling.testScripts.AddUserTest" name="TC_001_verifyWhetherUserAbleToAddTheNewUser" time="31.004"/>
  <system-out/>
</testsuite> <!-- com.qalegendbilling.testScripts.AddUserTest -->
