<?xml version="1.0" encoding="UTF-8"?>
<!-- Generated by org.testng.reporters.JUnitReportReporter -->
<testsuite hostname="LAPTOP-R07U5B31" failures="0" tests="2" name="com.qalegendbilling.testScripts.LoginTest" time="38.690" errors="0" timestamp="2023-06-23T04:35:33 GST" skipped="0">
  <testcase classname="com.qalegendbilling.testScripts.LoginTest" name="TC_001_verifyUserLoginsWithValidCredentials" time="19.721"/>
  <system-out/>
  <testcase classname="com.qalegendbilling.testScripts.LoginTest" name="TC_002_verifyTheErrorMessageDisplayedForInvalidCredentials" time="18.969"/>
  <system-out/>
</testsuite> <!-- com.qalegendbilling.testScripts.LoginTest -->
