<?xml version="1.0" encoding="UTF-8"?>
<!-- Generated by org.testng.reporters.JUnitReportReporter -->
<testsuite hostname="LAPTOP-R07U5B31" failures="0" tests="2" name="com.qalegendbilling.testScripts.HomeTest" time="33.337" errors="0" timestamp="2023-06-24T05:04:53 GST" skipped="0">
  <testcase classname="com.qalegendbilling.testScripts.HomeTest" name="TC_002_verifyUserManagementSubTabs" time="16.612"/>
  <system-out/>
  <testcase classname="com.qalegendbilling.testScripts.HomeTest" name="TC_001_verifyWhetherUserAbleToSignoutFromTheApplication" time="16.725"/>
  <system-out/>
</testsuite> <!-- com.qalegendbilling.testScripts.HomeTest -->
