<?xml version="1.0" encoding="UTF-8"?>
<!-- Generated by org.testng.reporters.JUnitReportReporter -->
<testsuite hostname="LAPTOP-R07U5B31" failures="0" tests="2" name="com.qalegendbilling.testScripts.AddUserTest" time="53.943" errors="0" timestamp="2023-06-24T05:04:53 GST" skipped="0">
  <testcase classname="com.qalegendbilling.testScripts.AddUserTest" name="TC_001_verifyWhetherUserAbleToAddTheNewUser" time="26.392"/>
  <system-out/>
  <testcase classname="com.qalegendbilling.testScripts.AddUserTest" name="TC_002_verifyInvalidUserSearch" time="27.551"/>
  <system-out/>
</testsuite> <!-- com.qalegendbilling.testScripts.AddUserTest -->
